{"C:\\hello-world\\Backend-project\\MENJADI BE DEV EXPERT\\auth-api\\src\\Applications\\security\\PasswordHash.js": {"path":"C:\\hello-world\\Backend-project\\MENJADI BE DEV EXPERT\\auth-api\\src\\Applications\\security\\PasswordHash.js","statementMap":{"0":{"start":{"line":3,"column":6},"end":{"line":3,"column":62}},"1":{"start":{"line":7,"column":2},"end":{"line":7,"column":32}}},"fnMap":{"0":{"name":"(anonymous_0)","decl":{"start":{"line":2,"column":4},"end":{"line":2,"column":5}},"loc":{"start":{"line":2,"column":25},"end":{"line":4,"column":5}},"line":2}},"branchMap":{},"s":{"0":1,"1":2},"f":{"0":1},"b":{},"_coverageSchema":"1a1c01bbd47fc00a2c39e90264f33305004495a9","hash":"250b2d3d5bc6444844aa499af43b1b04089ab015"}
,"C:\\hello-world\\Backend-project\\MENJADI BE DEV EXPERT\\auth-api\\src\\Applications\\use_case\\AddUserUseCase.js": {"path":"C:\\hello-world\\Backend-project\\MENJADI BE DEV EXPERT\\auth-api\\src\\Applications\\use_case\\AddUserUseCase.js","statementMap":{"0":{"start":{"line":1,"column":21},"end":{"line":1,"column":73}},"1":{"start":{"line":5,"column":4},"end":{"line":5,"column":42}},"2":{"start":{"line":6,"column":4},"end":{"line":6,"column":38}},"3":{"start":{"line":10,"column":25},"end":{"line":10,"column":57}},"4":{"start":{"line":11,"column":4},"end":{"line":11,"column":78}},"5":{"start":{"line":12,"column":4},"end":{"line":12,"column":81}},"6":{"start":{"line":13,"column":4},"end":{"line":13,"column":54}},"7":{"start":{"line":17,"column":0},"end":{"line":17,"column":32}}},"fnMap":{"0":{"name":"(anonymous_0)","decl":{"start":{"line":4,"column":2},"end":{"line":4,"column":3}},"loc":{"start":{"line":4,"column":48},"end":{"line":7,"column":3}},"line":4},"1":{"name":"(anonymous_1)","decl":{"start":{"line":9,"column":2},"end":{"line":9,"column":3}},"loc":{"start":{"line":9,"column":32},"end":{"line":14,"column":3}},"line":9}},"branchMap":{},"s":{"0":1,"1":1,"2":1,"3":1,"4":1,"5":1,"6":1,"7":1},"f":{"0":1,"1":1},"b":{},"_coverageSchema":"1a1c01bbd47fc00a2c39e90264f33305004495a9","hash":"f5d5aa9a384b56b0dd1dd18d6a1294199248c00e"}
,"C:\\hello-world\\Backend-project\\MENJADI BE DEV EXPERT\\auth-api\\src\\Commons\\exceptions\\AuthenticationError.js": {"path":"C:\\hello-world\\Backend-project\\MENJADI BE DEV EXPERT\\auth-api\\src\\Commons\\exceptions\\AuthenticationError.js","statementMap":{"0":{"start":{"line":1,"column":20},"end":{"line":1,"column":44}},"1":{"start":{"line":5,"column":8},"end":{"line":5,"column":28}},"2":{"start":{"line":6,"column":8},"end":{"line":6,"column":42}},"3":{"start":{"line":10,"column":0},"end":{"line":10,"column":37}}},"fnMap":{"0":{"name":"(anonymous_0)","decl":{"start":{"line":4,"column":4},"end":{"line":4,"column":5}},"loc":{"start":{"line":4,"column":25},"end":{"line":7,"column":5}},"line":4}},"branchMap":{},"s":{"0":1,"1":1,"2":1,"3":1},"f":{"0":1},"b":{},"_coverageSchema":"1a1c01bbd47fc00a2c39e90264f33305004495a9","hash":"770f0fdcc20e85cbdd46e9c7e443f3cb601aaa49"}
,"C:\\hello-world\\Backend-project\\MENJADI BE DEV EXPERT\\auth-api\\src\\Commons\\exceptions\\ClientError.js": {"path":"C:\\hello-world\\Backend-project\\MENJADI BE DEV EXPERT\\auth-api\\src\\Commons\\exceptions\\ClientError.js","statementMap":{"0":{"start":{"line":3,"column":6},"end":{"line":3,"column":21}},"1":{"start":{"line":5,"column":6},"end":{"line":7,"column":7}},"2":{"start":{"line":6,"column":8},"end":{"line":6,"column":61}},"3":{"start":{"line":9,"column":6},"end":{"line":9,"column":35}},"4":{"start":{"line":10,"column":6},"end":{"line":10,"column":32}},"5":{"start":{"line":14,"column":2},"end":{"line":14,"column":31}}},"fnMap":{"0":{"name":"(anonymous_0)","decl":{"start":{"line":2,"column":4},"end":{"line":2,"column":5}},"loc":{"start":{"line":2,"column":43},"end":{"line":11,"column":5}},"line":2}},"branchMap":{"0":{"loc":{"start":{"line":2,"column":25},"end":{"line":2,"column":41}},"type":"default-arg","locations":[{"start":{"line":2,"column":38},"end":{"line":2,"column":41}}],"line":2},"1":{"loc":{"start":{"line":5,"column":6},"end":{"line":7,"column":7}},"type":"if","locations":[{"start":{"line":5,"column":6},"end":{"line":7,"column":7}},{"start":{},"end":{}}],"line":5}},"s":{"0":4,"1":4,"2":1,"3":3,"4":3,"5":4},"f":{"0":4},"b":{"0":[2],"1":[1,3]},"_coverageSchema":"1a1c01bbd47fc00a2c39e90264f33305004495a9","hash":"9d74d78e33bf44f4d7af6694d095892b5c61a399"}
,"C:\\hello-world\\Backend-project\\MENJADI BE DEV EXPERT\\auth-api\\src\\Commons\\exceptions\\InvariantError.js": {"path":"C:\\hello-world\\Backend-project\\MENJADI BE DEV EXPERT\\auth-api\\src\\Commons\\exceptions\\InvariantError.js","statementMap":{"0":{"start":{"line":1,"column":20},"end":{"line":1,"column":44}},"1":{"start":{"line":5,"column":8},"end":{"line":5,"column":23}},"2":{"start":{"line":6,"column":8},"end":{"line":6,"column":37}},"3":{"start":{"line":10,"column":0},"end":{"line":10,"column":32}}},"fnMap":{"0":{"name":"(anonymous_0)","decl":{"start":{"line":4,"column":4},"end":{"line":4,"column":5}},"loc":{"start":{"line":4,"column":25},"end":{"line":7,"column":5}},"line":4}},"branchMap":{},"s":{"0":1,"1":1,"2":1,"3":1},"f":{"0":1},"b":{},"_coverageSchema":"1a1c01bbd47fc00a2c39e90264f33305004495a9","hash":"0db949fe537e5b96d080e6a53d06651e22f7dcab"}
,"C:\\hello-world\\Backend-project\\MENJADI BE DEV EXPERT\\auth-api\\src\\Commons\\exceptions\\NotFoundError.js": {"path":"C:\\hello-world\\Backend-project\\MENJADI BE DEV EXPERT\\auth-api\\src\\Commons\\exceptions\\NotFoundError.js","statementMap":{"0":{"start":{"line":1,"column":20},"end":{"line":1,"column":44}},"1":{"start":{"line":5,"column":4},"end":{"line":5,"column":24}},"2":{"start":{"line":6,"column":4},"end":{"line":6,"column":32}},"3":{"start":{"line":10,"column":0},"end":{"line":10,"column":31}}},"fnMap":{"0":{"name":"(anonymous_0)","decl":{"start":{"line":4,"column":2},"end":{"line":4,"column":3}},"loc":{"start":{"line":4,"column":23},"end":{"line":7,"column":3}},"line":4}},"branchMap":{},"s":{"0":1,"1":1,"2":1,"3":1},"f":{"0":1},"b":{},"_coverageSchema":"1a1c01bbd47fc00a2c39e90264f33305004495a9","hash":"817c851d77ad50d9fc55790915a9857b97c12671"}
,"C:\\hello-world\\Backend-project\\MENJADI BE DEV EXPERT\\auth-api\\src\\Domains\\users\\UserRepository.js": {"path":"C:\\hello-world\\Backend-project\\MENJADI BE DEV EXPERT\\auth-api\\src\\Domains\\users\\UserRepository.js","statementMap":{"0":{"start":{"line":3,"column":6},"end":{"line":3,"column":64}},"1":{"start":{"line":7,"column":6},"end":{"line":7,"column":64}},"2":{"start":{"line":11,"column":2},"end":{"line":11,"column":34}}},"fnMap":{"0":{"name":"(anonymous_0)","decl":{"start":{"line":2,"column":4},"end":{"line":2,"column":5}},"loc":{"start":{"line":2,"column":32},"end":{"line":4,"column":5}},"line":2},"1":{"name":"(anonymous_1)","decl":{"start":{"line":6,"column":4},"end":{"line":6,"column":5}},"loc":{"start":{"line":6,"column":44},"end":{"line":8,"column":5}},"line":6}},"branchMap":{},"s":{"0":1,"1":1,"2":2},"f":{"0":1,"1":1},"b":{},"_coverageSchema":"1a1c01bbd47fc00a2c39e90264f33305004495a9","hash":"9919fb90b2f8149520aa5c3a4d20d672e054d0ba"}
,"C:\\hello-world\\Backend-project\\MENJADI BE DEV EXPERT\\auth-api\\src\\Domains\\users\\entities\\RegisterUser.js": {"path":"C:\\hello-world\\Backend-project\\MENJADI BE DEV EXPERT\\auth-api\\src\\Domains\\users\\entities\\RegisterUser.js","statementMap":{"0":{"start":{"line":3,"column":6},"end":{"line":3,"column":35}},"1":{"start":{"line":5,"column":47},"end":{"line":5,"column":54}},"2":{"start":{"line":7,"column":6},"end":{"line":7,"column":31}},"3":{"start":{"line":8,"column":6},"end":{"line":8,"column":31}},"4":{"start":{"line":9,"column":6},"end":{"line":9,"column":31}},"5":{"start":{"line":13,"column":6},"end":{"line":15,"column":7}},"6":{"start":{"line":14,"column":8},"end":{"line":14,"column":69}},"7":{"start":{"line":17,"column":6},"end":{"line":19,"column":7}},"8":{"start":{"line":18,"column":8},"end":{"line":18,"column":74}},"9":{"start":{"line":21,"column":6},"end":{"line":23,"column":7}},"10":{"start":{"line":22,"column":8},"end":{"line":22,"column":61}},"11":{"start":{"line":25,"column":6},"end":{"line":27,"column":7}},"12":{"start":{"line":26,"column":8},"end":{"line":26,"column":79}},"13":{"start":{"line":31,"column":2},"end":{"line":31,"column":32}}},"fnMap":{"0":{"name":"(anonymous_0)","decl":{"start":{"line":2,"column":4},"end":{"line":2,"column":5}},"loc":{"start":{"line":2,"column":25},"end":{"line":10,"column":5}},"line":2},"1":{"name":"(anonymous_1)","decl":{"start":{"line":12,"column":4},"end":{"line":12,"column":5}},"loc":{"start":{"line":12,"column":53},"end":{"line":28,"column":5}},"line":12}},"branchMap":{"0":{"loc":{"start":{"line":13,"column":6},"end":{"line":15,"column":7}},"type":"if","locations":[{"start":{"line":13,"column":6},"end":{"line":15,"column":7}},{"start":{},"end":{}}],"line":13},"1":{"loc":{"start":{"line":13,"column":10},"end":{"line":13,"column":45}},"type":"binary-expr","locations":[{"start":{"line":13,"column":10},"end":{"line":13,"column":19}},{"start":{"line":13,"column":23},"end":{"line":13,"column":32}},{"start":{"line":13,"column":36},"end":{"line":13,"column":45}}],"line":13},"2":{"loc":{"start":{"line":17,"column":6},"end":{"line":19,"column":7}},"type":"if","locations":[{"start":{"line":17,"column":6},"end":{"line":19,"column":7}},{"start":{},"end":{}}],"line":17},"3":{"loc":{"start":{"line":17,"column":10},"end":{"line":17,"column":102}},"type":"binary-expr","locations":[{"start":{"line":17,"column":10},"end":{"line":17,"column":38}},{"start":{"line":17,"column":42},"end":{"line":17,"column":70}},{"start":{"line":17,"column":74},"end":{"line":17,"column":102}}],"line":17},"4":{"loc":{"start":{"line":21,"column":6},"end":{"line":23,"column":7}},"type":"if","locations":[{"start":{"line":21,"column":6},"end":{"line":23,"column":7}},{"start":{},"end":{}}],"line":21},"5":{"loc":{"start":{"line":25,"column":6},"end":{"line":27,"column":7}},"type":"if","locations":[{"start":{"line":25,"column":6},"end":{"line":27,"column":7}},{"start":{},"end":{}}],"line":25}},"s":{"0":7,"1":3,"2":3,"3":3,"4":3,"5":7,"6":1,"7":6,"8":1,"9":5,"10":1,"11":4,"12":1,"13":2},"f":{"0":7,"1":7},"b":{"0":[1,6],"1":[7,7,7],"2":[1,5],"3":[6,5,5],"4":[1,4],"5":[1,3]},"_coverageSchema":"1a1c01bbd47fc00a2c39e90264f33305004495a9","hash":"07e06f649bbef5ca08f7574343761a715a9c58c0"}
,"C:\\hello-world\\Backend-project\\MENJADI BE DEV EXPERT\\auth-api\\src\\Domains\\users\\entities\\RegisteredUser.js": {"path":"C:\\hello-world\\Backend-project\\MENJADI BE DEV EXPERT\\auth-api\\src\\Domains\\users\\entities\\RegisteredUser.js","statementMap":{"0":{"start":{"line":3,"column":6},"end":{"line":3,"column":35}},"1":{"start":{"line":5,"column":41},"end":{"line":5,"column":48}},"2":{"start":{"line":7,"column":6},"end":{"line":7,"column":19}},"3":{"start":{"line":8,"column":6},"end":{"line":8,"column":31}},"4":{"start":{"line":9,"column":6},"end":{"line":9,"column":31}},"5":{"start":{"line":13,"column":6},"end":{"line":15,"column":7}},"6":{"start":{"line":14,"column":8},"end":{"line":14,"column":71}},"7":{"start":{"line":17,"column":6},"end":{"line":19,"column":7}},"8":{"start":{"line":18,"column":8},"end":{"line":18,"column":76}},"9":{"start":{"line":23,"column":2},"end":{"line":23,"column":34}}},"fnMap":{"0":{"name":"(anonymous_0)","decl":{"start":{"line":2,"column":4},"end":{"line":2,"column":5}},"loc":{"start":{"line":2,"column":25},"end":{"line":10,"column":5}},"line":2},"1":{"name":"(anonymous_1)","decl":{"start":{"line":12,"column":4},"end":{"line":12,"column":5}},"loc":{"start":{"line":12,"column":47},"end":{"line":20,"column":5}},"line":12}},"branchMap":{"0":{"loc":{"start":{"line":13,"column":6},"end":{"line":15,"column":7}},"type":"if","locations":[{"start":{"line":13,"column":6},"end":{"line":15,"column":7}},{"start":{},"end":{}}],"line":13},"1":{"loc":{"start":{"line":13,"column":10},"end":{"line":13,"column":39}},"type":"binary-expr","locations":[{"start":{"line":13,"column":10},"end":{"line":13,"column":13}},{"start":{"line":13,"column":17},"end":{"line":13,"column":26}},{"start":{"line":13,"column":30},"end":{"line":13,"column":39}}],"line":13},"2":{"loc":{"start":{"line":17,"column":6},"end":{"line":19,"column":7}},"type":"if","locations":[{"start":{"line":17,"column":6},"end":{"line":19,"column":7}},{"start":{},"end":{}}],"line":17},"3":{"loc":{"start":{"line":17,"column":10},"end":{"line":17,"column":96}},"type":"binary-expr","locations":[{"start":{"line":17,"column":10},"end":{"line":17,"column":32}},{"start":{"line":17,"column":36},"end":{"line":17,"column":64}},{"start":{"line":17,"column":68},"end":{"line":17,"column":96}}],"line":17}},"s":{"0":5,"1":3,"2":3,"3":3,"4":3,"5":5,"6":1,"7":4,"8":1,"9":2},"f":{"0":5,"1":5},"b":{"0":[1,4],"1":[5,4,4],"2":[1,3],"3":[4,3,3]},"_coverageSchema":"1a1c01bbd47fc00a2c39e90264f33305004495a9","hash":"4c4a0fc01c225507b5ed57448ae1af606d32ec03"}
}
